<?xml version="1.0" encoding="UTF-8"?>
<!-- Generated by org.testng.reporters.JUnitXMLReporter -->
<testsuite ignored="0" hostname="DESKTOP-O1QSD0A" failures="6" tests="6" name="Test" time="443.159" errors="0" timestamp="2022-06-26T19:09:05 IST">
  <testcase classname="Home.TestCase" name="invalidpassword" time="75.581">
    <failure type="java.lang.AssertionError" message="expected [GTPL Bank Manager HomePage] but found [GTPL Bank Home Page]">
      <![CDATA[java.lang.AssertionError: expected [GTPL Bank Manager HomePage] but found [GTPL Bank Home Page]
at Home.TestCase.invalidpassword(TestCase.java:81)
at java.base/java.util.ArrayList.forEach(ArrayList.java:1511)
... Removed 33 stack frames]]>
    </failure>
  </testcase> <!-- invalidpassword -->
  <testcase classname="Home.TestCase" name="invalidusername" time="69.739">
    <failure type="java.lang.AssertionError" message="expected [GTPL Bank Manager HomePage] but found [GTPL Bank Home Page]">
      <![CDATA[java.lang.AssertionError: expected [GTPL Bank Manager HomePage] but found [GTPL Bank Home Page]
at Home.TestCase.invalidusername(TestCase.java:56)
at java.base/java.util.ArrayList.forEach(ArrayList.java:1511)
... Removed 33 stack frames]]>
    </failure>
  </testcase> <!-- invalidusername -->
  <testcase classname="Home.TestCase" name="invalidusernameandpassword" time="71.6">
    <failure type="java.lang.AssertionError" message="expected [GTPL Bank Manager HomePage] but found [GTPL Bank Home Page]">
      <![CDATA[java.lang.AssertionError: expected [GTPL Bank Manager HomePage] but found [GTPL Bank Home Page]
at Home.TestCase.invalidusernameandpassword(TestCase.java:109)
at java.base/java.util.ArrayList.forEach(ArrayList.java:1511)
... Removed 33 stack frames]]>
    </failure>
  </testcase> <!-- invalidusernameandpassword -->
  <testcase classname="Home.TestCase" name="userboxfieldwithonlynumerials" time="72.25">
    <failure type="java.lang.AssertionError" message="expected [GTPL Bank Manager HomePage] but found [GTPL Bank Home Page]">
      <![CDATA[java.lang.AssertionError: expected [GTPL Bank Manager HomePage] but found [GTPL Bank Home Page]
at Home.TestCase.userboxfieldwithonlynumerials(TestCase.java:191)
at java.base/java.util.ArrayList.forEach(ArrayList.java:1511)
... Removed 33 stack frames]]>
    </failure>
  </testcase> <!-- userboxfieldwithonlynumerials -->
  <testcase classname="Home.TestCase" name="validpassword" time="70.139">
    <failure type="java.lang.AssertionError" message="expected [GTPL Bank Manager HomePage] but found [GTPL Bank Home Page]">
      <![CDATA[java.lang.AssertionError: expected [GTPL Bank Manager HomePage] but found [GTPL Bank Home Page]
at Home.TestCase.validpassword(TestCase.java:161)
at java.base/java.util.ArrayList.forEach(ArrayList.java:1511)
... Removed 33 stack frames]]>
    </failure>
  </testcase> <!-- validpassword -->
  <testcase classname="Home.TestCase" name="validusername" time="70.98">
    <failure type="java.lang.AssertionError" message="expected [GTPL Bank Manager HomePage] but found [GTPL Bank Home Page]">
      <![CDATA[java.lang.AssertionError: expected [GTPL Bank Manager HomePage] but found [GTPL Bank Home Page]
at Home.TestCase.validusername(TestCase.java:135)
at java.base/java.util.ArrayList.forEach(ArrayList.java:1511)
... Removed 33 stack frames]]>
    </failure>
  </testcase> <!-- validusername -->
</testsuite> <!-- Test -->
