<?xml version="1.0" encoding="UTF-8"?>
<testsuite xmlns:xsi="http://www.w3.org/2001/XMLSchema-instance" xsi:noNamespaceSchemaLocation="https://maven.apache.org/surefire/maven-surefire-plugin/xsd/surefire-test-report-3.0.xsd" version="3.0" name="TestSuite" time="116.161" tests="2" errors="0" skipped="0" failures="2">
  <properties>
[...]
</properties>
  <testcase name="invalidpassword" classname="Home.TestCase" time="59.046">
    <failure message="expected [GTPL Bank Manager HomePage] but found [GTPL Bank Home Page]" type="java.lang.AssertionError"><![CDATA[java.lang.AssertionError: expected [GTPL Bank Manager HomePage] but found [GTPL Bank Home Page]
	at org.testng.Assert.fail(Assert.java:99)
	at org.testng.Assert.failNotEquals(Assert.java:1037)
	at org.testng.Assert.assertEqualsImpl(Assert.java:140)
	at org.testng.Assert.assertEquals(Assert.java:122)
	at org.testng.Assert.assertEquals(Assert.java:629)
	at org.testng.Assert.assertEquals(Assert.java:639)
	at Home.TestCase.invalidpassword(TestCase.java:61)
	at java.base/jdk.internal.reflect.NativeMethodAccessorImpl.invoke0(Native Method)
	at java.base/jdk.internal.reflect.NativeMethodAccessorImpl.invoke(NativeMethodAccessorImpl.java:77)
	at java.base/jdk.internal.reflect.DelegatingMethodAccessorImpl.invoke(DelegatingMethodAccessorImpl.java:43)
	at java.base/java.lang.reflect.Method.invoke(Method.java:568)
	at org.testng.internal.MethodInvocationHelper.invokeMethod(MethodInvocationHelper.java:133)
	at org.testng.internal.TestInvoker.invokeMethod(TestInvoker.java:598)
	at org.testng.internal.TestInvoker.invokeTestMethod(TestInvoker.java:173)
	at org.testng.internal.MethodRunner.runInSequence(MethodRunner.java:46)
	at org.testng.internal.TestInvoker$MethodInvocationAgent.invoke(TestInvoker.java:824)
	at org.testng.internal.TestInvoker.invokeTestMethods(TestInvoker.java:146)
	at org.testng.internal.TestMethodWorker.invokeTestMethods(TestMethodWorker.java:146)
	at org.testng.internal.TestMethodWorker.run(TestMethodWorker.java:128)
	at java.base/java.util.ArrayList.forEach(ArrayList.java:1511)
	at org.testng.TestRunner.privateRun(TestRunner.java:794)
	at org.testng.TestRunner.run(TestRunner.java:596)
	at org.testng.SuiteRunner.runTest(SuiteRunner.java:377)
	at org.testng.SuiteRunner.runSequentially(SuiteRunner.java:371)
	at org.testng.SuiteRunner.privateRun(SuiteRunner.java:332)
	at org.testng.SuiteRunner.run(SuiteRunner.java:276)
	at org.testng.SuiteRunnerWorker.runSuite(SuiteRunnerWorker.java:53)
	at org.testng.SuiteRunnerWorker.run(SuiteRunnerWorker.java:96)
	at org.testng.TestNG.runSuitesSequentially(TestNG.java:1212)
	at org.testng.TestNG.runSuitesLocally(TestNG.java:1134)
	at org.testng.TestNG.runSuites(TestNG.java:1063)
	at org.testng.TestNG.run(TestNG.java:1031)
	at org.apache.maven.surefire.testng.TestNGExecutor.run(TestNGExecutor.java:324)
	at org.apache.maven.surefire.testng.TestNGXmlTestSuite.execute(TestNGXmlTestSuite.java:74)
	at org.apache.maven.surefire.testng.TestNGProvider.invoke(TestNGProvider.java:123)
	at org.apache.maven.surefire.booter.ForkedBooter.runSuitesInProcess(ForkedBooter.java:456)
	at org.apache.maven.surefire.booter.ForkedBooter.execute(ForkedBooter.java:169)
	at org.apache.maven.surefire.booter.ForkedBooter.run(ForkedBooter.java:595)
	at org.apache.maven.surefire.booter.ForkedBooter.main(ForkedBooter.java:581)
]]></failure>
    <system-out><![CDATA[2022-06-23 18:28:10,702 main ERROR Unable to rename file C:\Users\gulu satapathy\java-selenium\E2EProject\logs\prints.log to C:\Users\gulu satapathy\java-selenium\E2EProject\logs\prints-18:28:10.698.log: java.nio.file.InvalidPathException Illegal char <:> at index 63: C:\Users\gulu satapathy\java-selenium\E2EProject\logs\prints-18:28:10.698.log
2022-06-23 18:28:10,736 main ERROR Unable to rename file C:\Users\gulu satapathy\java-selenium\E2EProject\logs\prints.log to C:\Users\gulu satapathy\java-selenium\E2EProject\logs\prints-18:28:10.735.log: java.nio.file.InvalidPathException Illegal char <:> at index 63: C:\Users\gulu satapathy\java-selenium\E2EProject\logs\prints-18:28:10.735.log
2022-06-23 18:28:10,762 main ERROR Unable to rename file C:\Users\gulu satapathy\java-selenium\E2EProject\logs\prints.log to C:\Users\gulu satapathy\java-selenium\E2EProject\logs\prints-18:28:10.759.log: java.nio.file.InvalidPathException Illegal char <:> at index 63: C:\Users\gulu satapathy\java-selenium\E2EProject\logs\prints-18:28:10.759.log
2022-06-23 18:28:10,764 main ERROR Unable to rename file C:\Users\gulu satapathy\java-selenium\E2EProject\logs\prints.log to C:\Users\gulu satapathy\java-selenium\E2EProject\logs\prints-18:28:10.764.log: java.nio.file.InvalidPathException Illegal char <:> at index 63: C:\Users\gulu satapathy\java-selenium\E2EProject\logs\prints-18:28:10.764.log
2022-06-23 18:28:10,769 main ERROR Unable to rename file C:\Users\gulu satapathy\java-selenium\E2EProject\logs\prints.log to C:\Users\gulu satapathy\java-selenium\E2EProject\logs\prints-18:28:10.769.log: java.nio.file.InvalidPathException Illegal char <:> at index 63: C:\Users\gulu satapathy\java-selenium\E2EProject\logs\prints-18:28:10.769.log
2022-06-23 18:28:11,009 main ERROR Unable to rename file C:\Users\gulu satapathy\java-selenium\E2EProject\logs\prints.log to C:\Users\gulu satapathy\java-selenium\E2EProject\logs\prints-18:28:11.009.log: java.nio.file.InvalidPathException Illegal char <:> at index 63: C:\Users\gulu satapathy\java-selenium\E2EProject\logs\prints-18:28:11.009.log
2022-06-23 18:28:11,041 main ERROR Unable to rename file C:\Users\gulu satapathy\java-selenium\E2EProject\logs\prints.log to C:\Users\gulu satapathy\java-selenium\E2EProject\logs\prints-18:28:11.041.log: java.nio.file.InvalidPathException Illegal char <:> at index 63: C:\Users\gulu satapathy\java-selenium\E2EProject\logs\prints-18:28:11.041.log
2022-06-23 18:28:11,079 main ERROR Unable to rename file C:\Users\gulu satapathy\java-selenium\E2EProject\logs\prints.log to C:\Users\gulu satapathy\java-selenium\E2EProject\logs\prints-18:28:11.079.log: java.nio.file.InvalidPathException Illegal char <:> at index 63: C:\Users\gulu satapathy\java-selenium\E2EProject\logs\prints-18:28:11.079.log
2022-06-23 18:28:11,102 main ERROR Unable to rename file C:\Users\gulu satapathy\java-selenium\E2EProject\logs\prints.log to C:\Users\gulu satapathy\java-selenium\E2EProject\logs\prints-18:28:11.102.log: java.nio.file.InvalidPathException Illegal char <:> at index 63: C:\Users\gulu satapathy\java-selenium\E2EProject\logs\prints-18:28:11.102.log
2022-06-23 18:28:11,113 main ERROR Unable to rename file C:\Users\gulu satapathy\java-selenium\E2EProject\logs\prints.log to C:\Users\gulu satapathy\java-selenium\E2EProject\logs\prints-18:28:11.102.log: java.nio.file.InvalidPathException Illegal char <:> at index 63: C:\Users\gulu satapathy\java-selenium\E2EProject\logs\prints-18:28:11.102.log
2022-06-23 18:28:11,115 main ERROR Unable to rename file C:\Users\gulu satapathy\java-selenium\E2EProject\logs\prints.log to C:\Users\gulu satapathy\java-selenium\E2EProject\logs\prints-18:28:11.115.log: java.nio.file.InvalidPathException Illegal char <:> at index 63: C:\Users\gulu satapathy\java-selenium\E2EProject\logs\prints-18:28:11.115.log
2022-06-23 18:28:11,842 Forwarding newSession on session null to remote ERROR Unable to rename file C:\Users\gulu satapathy\java-selenium\E2EProject\logs\prints.log to C:\Users\gulu satapathy\java-selenium\E2EProject\logs\prints-18:28:11.832.log: java.nio.file.InvalidPathException Illegal char <:> at index 63: C:\Users\gulu satapathy\java-selenium\E2EProject\logs\prints-18:28:11.832.log
2022-06-23 18:28:11,949 AsyncHttpClient-1-2 ERROR Unable to rename file C:\Users\gulu satapathy\java-selenium\E2EProject\logs\prints.log to C:\Users\gulu satapathy\java-selenium\E2EProject\logs\prints-18:28:11.949.log: java.nio.file.InvalidPathException Illegal char <:> at index 63: C:\Users\gulu satapathy\java-selenium\E2EProject\logs\prints-18:28:11.949.log
2022-06-23 18:28:13,672 AsyncHttpClient-1-2 ERROR Unable to rename file C:\Users\gulu satapathy\java-selenium\E2EProject\logs\prints.log to C:\Users\gulu satapathy\java-selenium\E2EProject\logs\prints-18:28:13.672.log: java.nio.file.InvalidPathException Illegal char <:> at index 63: C:\Users\gulu satapathy\java-selenium\E2EProject\logs\prints-18:28:13.672.log
]]></system-out>
    <system-err><![CDATA[SLF4J: Failed to load class "org.slf4j.impl.StaticLoggerBinder".
SLF4J: Defaulting to no-operation (NOP) logger implementation
SLF4J: See http://www.slf4j.org/codes.html#StaticLoggerBinder for further details.
Starting ChromeDriver 102.0.5005.61 (0e59bcc00cc4985ce39ad31c150065f159d95ad3-refs/branch-heads/5005@{#819}) on port 62933
Only local connections are allowed.
Please see https://chromedriver.chromium.org/security-considerations for suggestions on keeping ChromeDriver safe.
ChromeDriver was started successfully.
Jun 23, 2022 6:28:13 PM org.openqa.selenium.remote.ProtocolHandshake createSession
INFO: Detected dialect: W3C
Jun 23, 2022 6:28:13 PM org.openqa.selenium.devtools.CdpVersionFinder findNearestMatch
WARNING: Unable to find an exact match for CDP version 102, so returning the closest version found: a no-op implementation
Jun 23, 2022 6:28:13 PM org.openqa.selenium.devtools.CdpVersionFinder findNearestMatch
INFO: Unable to find CDP implementation matching 102.
Jun 23, 2022 6:28:13 PM org.openqa.selenium.chromium.ChromiumDriver lambda$new$3
WARNING: Unable to find version of CDP to use for . You may need to include a dependency on a specific version of the CDP using something similar to `org.seleniumhq.selenium:selenium-devtools-v86:4.1.2` where the version ("v86") matches the version of the chromium-based browser you're using and the version number of the artifact is the same as Selenium's.
]]></system-err>
  </testcase>
  <testcase name="invalidusernameLogin" classname="Home.TestCase" time="47.357">
    <failure message="expected [GTPL Bank Manager HomePage] but found [GTPL Bank Home Page]" type="java.lang.AssertionError"><![CDATA[java.lang.AssertionError: expected [GTPL Bank Manager HomePage] but found [GTPL Bank Home Page]
	at org.testng.Assert.fail(Assert.java:99)
	at org.testng.Assert.failNotEquals(Assert.java:1037)
	at org.testng.Assert.assertEqualsImpl(Assert.java:140)
	at org.testng.Assert.assertEquals(Assert.java:122)
	at org.testng.Assert.assertEquals(Assert.java:629)
	at org.testng.Assert.assertEquals(Assert.java:639)
	at Home.TestCase.invalidusernameLogin(TestCase.java:46)
	at java.base/jdk.internal.reflect.NativeMethodAccessorImpl.invoke0(Native Method)
	at java.base/jdk.internal.reflect.NativeMethodAccessorImpl.invoke(NativeMethodAccessorImpl.java:77)
	at java.base/jdk.internal.reflect.DelegatingMethodAccessorImpl.invoke(DelegatingMethodAccessorImpl.java:43)
	at java.base/java.lang.reflect.Method.invoke(Method.java:568)
	at org.testng.internal.MethodInvocationHelper.invokeMethod(MethodInvocationHelper.java:133)
	at org.testng.internal.TestInvoker.invokeMethod(TestInvoker.java:598)
	at org.testng.internal.TestInvoker.invokeTestMethod(TestInvoker.java:173)
	at org.testng.internal.MethodRunner.runInSequence(MethodRunner.java:46)
	at org.testng.internal.TestInvoker$MethodInvocationAgent.invoke(TestInvoker.java:824)
	at org.testng.internal.TestInvoker.invokeTestMethods(TestInvoker.java:146)
	at org.testng.internal.TestMethodWorker.invokeTestMethods(TestMethodWorker.java:146)
	at org.testng.internal.TestMethodWorker.run(TestMethodWorker.java:128)
	at java.base/java.util.ArrayList.forEach(ArrayList.java:1511)
	at org.testng.TestRunner.privateRun(TestRunner.java:794)
	at org.testng.TestRunner.run(TestRunner.java:596)
	at org.testng.SuiteRunner.runTest(SuiteRunner.java:377)
	at org.testng.SuiteRunner.runSequentially(SuiteRunner.java:371)
	at org.testng.SuiteRunner.privateRun(SuiteRunner.java:332)
	at org.testng.SuiteRunner.run(SuiteRunner.java:276)
	at org.testng.SuiteRunnerWorker.runSuite(SuiteRunnerWorker.java:53)
	at org.testng.SuiteRunnerWorker.run(SuiteRunnerWorker.java:96)
	at org.testng.TestNG.runSuitesSequentially(TestNG.java:1212)
	at org.testng.TestNG.runSuitesLocally(TestNG.java:1134)
	at org.testng.TestNG.runSuites(TestNG.java:1063)
	at org.testng.TestNG.run(TestNG.java:1031)
	at org.apache.maven.surefire.testng.TestNGExecutor.run(TestNGExecutor.java:324)
	at org.apache.maven.surefire.testng.TestNGXmlTestSuite.execute(TestNGXmlTestSuite.java:74)
	at org.apache.maven.surefire.testng.TestNGProvider.invoke(TestNGProvider.java:123)
	at org.apache.maven.surefire.booter.ForkedBooter.runSuitesInProcess(ForkedBooter.java:456)
	at org.apache.maven.surefire.booter.ForkedBooter.execute(ForkedBooter.java:169)
	at org.apache.maven.surefire.booter.ForkedBooter.run(ForkedBooter.java:595)
	at org.apache.maven.surefire.booter.ForkedBooter.main(ForkedBooter.java:581)
]]></failure>
  </testcase>
</testsuite>